<?xml version="1.0" encoding="UTF-8"?>
<!-- Generated by org.testng.reporters.JUnitReportReporter -->
<testsuite hostname="DESKTOP-AFT8QP2" failures="0" tests="6" name="test.day3" time="0.018" errors="0" timestamp="2024-11-24T11:02:53 IST" skipped="0">
  <testcase classname="test.day3" name="Mobilelogincarloan" time="0.002"/>
  <system-out/>
  <testcase classname="test.day3" name="Mobilesignincarloan" time="0.002"/>
  <system-out/>
  <testcase classname="test.day3" name="Mobilelogincarloan" time="0.005"/>
  <system-out/>
  <testcase classname="test.day3" name="Mobilelogincarloan" time="0.003"/>
  <system-out/>
  <testcase classname="test.day3" name="APIcarloan" time="0.001"/>
  <system-out/>
  <testcase classname="test.day3" name="Weblogincarloan" time="0.005"/>
  <system-out/>
</testsuite> <!-- test.day3 -->
